2020-07-23 18:08:44 another plugin interfering?
2020-07-23 18:08:44 detected output handler default output handler
2020-07-23 18:08:44 detected output handler All_in_One_SEO_Pack::output_callback_for_title
2020-07-23 18:08:44 detected output handler default output handler
2020-07-23 18:08:45 another plugin interfering?
2020-07-23 18:08:45 detected output handler default output handler
2020-07-23 18:08:45 detected output handler All_in_One_SEO_Pack::output_callback_for_title
2020-07-23 18:08:45 detected output handler default output handler
2020-07-23 18:34:13 another plugin interfering?
2020-07-23 18:34:13 detected output handler default output handler
2020-07-23 18:34:13 detected output handler All_in_One_SEO_Pack::output_callback_for_title
2020-07-23 18:34:13 detected output handler default output handler
2020-07-23 18:36:17 another plugin interfering?
2020-07-23 18:36:17 detected output handler default output handler
2020-07-23 18:36:17 detected output handler All_in_One_SEO_Pack::output_callback_for_title
2020-07-23 18:36:17 detected output handler default output handler
2020-07-23 18:37:56 another plugin interfering?
2020-07-23 18:37:56 detected output handler default output handler
2020-07-23 18:37:56 detected output handler All_in_One_SEO_Pack::output_callback_for_title
2020-07-23 18:37:56 detected output handler default output handler
2020-07-23 19:03:34 another plugin interfering?
2020-07-23 19:03:34 detected output handler default output handler
2020-07-23 19:03:34 detected output handler All_in_One_SEO_Pack::output_callback_for_title
2020-07-23 19:03:34 detected output handler default output handler
2020-07-23 19:03:35 another plugin interfering?
2020-07-23 19:03:35 detected output handler default output handler
2020-07-23 19:03:35 detected output handler All_in_One_SEO_Pack::output_callback_for_title
2020-07-23 19:03:35 detected output handler default output handler
2020-07-23 19:11:37 another plugin interfering?
2020-07-23 19:11:37 detected output handler default output handler
2020-07-23 19:11:37 detected output handler default output handler
2020-07-23 19:12:08 another plugin interfering?
2020-07-23 19:12:08 detected output handler default output handler
2020-07-23 19:12:08 detected output handler default output handler
2020-07-23 19:12:20 another plugin interfering?
2020-07-23 19:12:20 detected output handler default output handler
2020-07-23 19:12:20 detected output handler default output handler
2020-07-23 19:12:34 another plugin interfering?
2020-07-23 19:12:34 detected output handler default output handler
2020-07-23 19:12:34 detected output handler default output handler
2020-07-23 19:56:40 another plugin interfering?
2020-07-23 19:56:40 detected output handler default output handler
2020-07-23 19:56:40 detected output handler All_in_One_SEO_Pack::output_callback_for_title
2020-07-23 19:56:40 detected output handler default output handler
2020-07-23 19:57:12 another plugin interfering?
2020-07-23 19:57:12 detected output handler default output handler
2020-07-23 19:57:12 detected output handler All_in_One_SEO_Pack::output_callback_for_title
2020-07-23 19:57:12 detected output handler default output handler
2020-07-23 19:58:15 another plugin interfering?
2020-07-23 19:58:15 detected output handler default output handler
2020-07-23 19:58:15 detected output handler All_in_One_SEO_Pack::output_callback_for_title
2020-07-23 19:58:15 detected output handler default output handler
2020-07-23 19:58:20 another plugin interfering?
2020-07-23 19:58:20 detected output handler default output handler
2020-07-23 19:58:20 detected output handler All_in_One_SEO_Pack::output_callback_for_title
2020-07-23 19:58:20 detected output handler default output handler
2020-07-23 19:59:51 another plugin interfering?
2020-07-23 19:59:51 detected output handler default output handler
2020-07-23 19:59:51 detected output handler All_in_One_SEO_Pack::output_callback_for_title
2020-07-23 19:59:51 detected output handler default output handler
2020-07-23 20:00:58 another plugin interfering?
2020-07-23 20:00:58 detected output handler default output handler
2020-07-23 20:00:58 detected output handler All_in_One_SEO_Pack::output_callback_for_title
2020-07-23 20:00:58 detected output handler default output handler
2020-07-23 20:01:51 another plugin interfering?
2020-07-23 20:01:51 detected output handler default output handler
2020-07-23 20:01:51 detected output handler All_in_One_SEO_Pack::output_callback_for_title
2020-07-23 20:01:51 detected output handler default output handler
2020-07-23 20:04:45 another plugin interfering?
2020-07-23 20:04:45 detected output handler default output handler
2020-07-23 20:04:45 detected output handler All_in_One_SEO_Pack::output_callback_for_title
2020-07-23 20:04:45 detected output handler default output handler
2020-07-23 20:04:50 another plugin interfering?
2020-07-23 20:04:50 detected output handler default output handler
2020-07-23 20:04:50 detected output handler All_in_One_SEO_Pack::output_callback_for_title
2020-07-23 20:04:50 detected output handler default output handler
2020-07-23 20:05:09 another plugin interfering?
2020-07-23 20:05:09 detected output handler default output handler
2020-07-23 20:05:09 detected output handler All_in_One_SEO_Pack::output_callback_for_title
2020-07-23 20:05:09 detected output handler default output handler
2020-07-23 20:11:50 another plugin interfering?
2020-07-23 20:11:50 detected output handler default output handler
2020-07-23 20:11:50 detected output handler All_in_One_SEO_Pack::output_callback_for_title
2020-07-23 20:11:50 detected output handler default output handler
2020-07-24 07:14:31 another plugin interfering?
2020-07-24 07:14:31 detected output handler default output handler
2020-07-24 07:14:31 detected output handler All_in_One_SEO_Pack::output_callback_for_title
2020-07-24 07:14:31 detected output handler default output handler
2020-07-24 22:32:28 paged_title() [Veikals | zupu] [ - Part 2]
2020-07-25 16:51:36 another plugin interfering?
2020-07-25 16:51:36 detected output handler default output handler
2020-07-25 16:51:36 detected output handler default output handler
2020-07-25 16:51:36 detected output handler default output handler
2020-07-25 16:52:20 another plugin interfering?
2020-07-25 16:52:20 detected output handler default output handler
2020-07-25 16:52:20 detected output handler default output handler
2020-07-25 16:52:20 detected output handler default output handler
2020-07-25 16:54:46 another plugin interfering?
2020-07-25 16:54:46 detected output handler default output handler
2020-07-25 16:54:46 detected output handler default output handler
2020-07-25 16:54:46 detected output handler default output handler
2020-07-25 16:55:08 another plugin interfering?
2020-07-25 16:55:08 detected output handler default output handler
2020-07-25 16:55:08 detected output handler default output handler
2020-07-25 16:55:08 detected output handler default output handler
2020-07-25 16:56:01 another plugin interfering?
2020-07-25 16:56:01 detected output handler default output handler
2020-07-25 16:56:01 detected output handler default output handler
2020-07-25 16:56:01 detected output handler default output handler
2020-07-25 16:56:57 another plugin interfering?
2020-07-25 16:56:57 detected output handler default output handler
2020-07-25 16:56:57 detected output handler default output handler
2020-07-25 16:56:57 detected output handler default output handler
2020-07-25 16:57:38 another plugin interfering?
2020-07-25 16:57:38 detected output handler default output handler
2020-07-25 16:57:38 detected output handler default output handler
2020-07-25 16:57:38 detected output handler default output handler
2020-07-25 16:57:49 another plugin interfering?
2020-07-25 16:57:49 detected output handler default output handler
2020-07-25 16:57:49 detected output handler default output handler
2020-07-25 16:57:49 detected output handler default output handler
2020-07-26 08:03:55 another plugin interfering?
2020-07-26 08:03:55 detected output handler default output handler
2020-07-26 08:03:55 detected output handler AMP_Theme_Support::finish_output_buffering
2020-07-26 08:03:55 detected output handler AMP_Validation_Manager::wrap_buffer_with_source_comments
2020-07-26 08:03:55 detected output handler AMP_Validation_Manager::wrap_buffer_with_source_comments
2020-07-26 08:05:00 another plugin interfering?
2020-07-26 08:05:00 detected output handler default output handler
2020-07-26 08:05:00 detected output handler AMP_Theme_Support::finish_output_buffering
2020-07-26 08:05:00 detected output handler AMP_Validation_Manager::wrap_buffer_with_source_comments
2020-07-26 08:05:00 detected output handler AMP_Validation_Manager::wrap_buffer_with_source_comments
2020-07-26 08:08:33 another plugin interfering?
2020-07-26 08:08:33 detected output handler default output handler
2020-07-26 08:08:33 detected output handler AMP_Theme_Support::finish_output_buffering
2020-07-26 08:08:33 detected output handler AMP_Validation_Manager::wrap_buffer_with_source_comments
2020-07-26 08:08:33 detected output handler AMP_Validation_Manager::wrap_buffer_with_source_comments
2020-07-26 08:09:31 another plugin interfering?
2020-07-26 08:09:31 detected output handler default output handler
2020-07-26 08:09:31 detected output handler AMP_Theme_Support::finish_output_buffering
2020-07-26 08:09:31 detected output handler AMP_Validation_Manager::wrap_buffer_with_source_comments
2020-07-26 08:09:31 detected output handler AMP_Validation_Manager::wrap_buffer_with_source_comments
2020-07-26 08:43:06 another plugin interfering?
2020-07-26 08:43:06 detected output handler default output handler
2020-07-26 08:43:06 detected output handler All_in_One_SEO_Pack::output_callback_for_title
2020-07-26 08:43:06 detected output handler Smush\Core\Modules\Helpers\Parser::parse_page
2020-07-26 08:45:36 another plugin interfering?
2020-07-26 08:45:36 detected output handler default output handler
2020-07-26 08:45:36 detected output handler wp_cache_ob_callback
2020-07-26 08:45:36 detected output handler All_in_One_SEO_Pack::output_callback_for_title
2020-07-26 08:45:36 detected output handler Smush\Core\Modules\Helpers\Parser::parse_page
2020-07-26 08:45:51 another plugin interfering?
2020-07-26 08:45:51 detected output handler default output handler
2020-07-26 08:45:51 detected output handler wp_cache_ob_callback
2020-07-26 08:45:51 detected output handler All_in_One_SEO_Pack::output_callback_for_title
2020-07-26 08:45:51 detected output handler Smush\Core\Modules\Helpers\Parser::parse_page
2020-07-26 08:45:51 another plugin interfering?
2020-07-26 08:45:51 detected output handler default output handler
2020-07-26 08:45:51 detected output handler wp_cache_ob_callback
2020-07-26 08:45:51 detected output handler All_in_One_SEO_Pack::output_callback_for_title
2020-07-26 08:45:51 detected output handler Smush\Core\Modules\Helpers\Parser::parse_page
2020-07-26 08:45:55 another plugin interfering?
2020-07-26 08:45:55 detected output handler default output handler
2020-07-26 08:45:55 detected output handler wp_cache_ob_callback
2020-07-26 08:45:55 detected output handler All_in_One_SEO_Pack::output_callback_for_title
2020-07-26 08:45:55 detected output handler Smush\Core\Modules\Helpers\Parser::parse_page
2020-07-26 08:45:58 another plugin interfering?
2020-07-26 08:45:58 detected output handler default output handler
2020-07-26 08:45:58 detected output handler wp_cache_ob_callback
2020-07-26 08:45:58 detected output handler All_in_One_SEO_Pack::output_callback_for_title
2020-07-26 08:45:58 detected output handler Smush\Core\Modules\Helpers\Parser::parse_page
2020-07-26 08:46:06 another plugin interfering?
2020-07-26 08:46:06 detected output handler default output handler
2020-07-26 08:46:06 detected output handler wp_cache_ob_callback
2020-07-26 08:46:06 detected output handler All_in_One_SEO_Pack::output_callback_for_title
2020-07-26 08:46:06 detected output handler Smush\Core\Modules\Helpers\Parser::parse_page
2020-07-26 08:46:06 another plugin interfering?
2020-07-26 08:46:06 detected output handler default output handler
2020-07-26 08:46:06 detected output handler wp_cache_ob_callback
2020-07-26 08:46:06 detected output handler All_in_One_SEO_Pack::output_callback_for_title
2020-07-26 08:46:06 detected output handler Smush\Core\Modules\Helpers\Parser::parse_page
2020-07-26 08:46:14 another plugin interfering?
2020-07-26 08:46:14 detected output handler default output handler
2020-07-26 08:46:14 detected output handler wp_cache_ob_callback
2020-07-26 08:46:14 detected output handler All_in_One_SEO_Pack::output_callback_for_title
2020-07-26 08:46:14 detected output handler Smush\Core\Modules\Helpers\Parser::parse_page
2020-07-26 08:55:59 another plugin interfering?
2020-07-26 08:55:59 detected output handler default output handler
2020-07-26 08:55:59 detected output handler wp_cache_ob_callback
2020-07-26 08:55:59 detected output handler All_in_One_SEO_Pack::output_callback_for_title
2020-07-26 08:55:59 detected output handler Smush\Core\Modules\Helpers\Parser::parse_page
2020-07-26 08:56:07 another plugin interfering?
2020-07-26 08:56:07 detected output handler default output handler
2020-07-26 08:56:07 detected output handler wp_cache_ob_callback
2020-07-26 08:56:07 detected output handler All_in_One_SEO_Pack::output_callback_for_title
2020-07-26 08:56:07 detected output handler Smush\Core\Modules\Helpers\Parser::parse_page
2020-07-26 08:56:13 another plugin interfering?
2020-07-26 08:56:13 detected output handler default output handler
2020-07-26 08:56:13 detected output handler wp_cache_ob_callback
2020-07-26 08:56:13 detected output handler All_in_One_SEO_Pack::output_callback_for_title
2020-07-26 08:56:13 detected output handler Smush\Core\Modules\Helpers\Parser::parse_page
2020-07-26 09:01:05 another plugin interfering?
2020-07-26 09:01:05 detected output handler default output handler
2020-07-26 09:01:05 detected output handler wp_cache_ob_callback
2020-07-26 09:01:05 detected output handler All_in_One_SEO_Pack::output_callback_for_title
2020-07-26 09:01:05 detected output handler Smush\Core\Modules\Helpers\Parser::parse_page
2020-07-26 09:07:57 another plugin interfering?
2020-07-26 09:07:57 detected output handler default output handler
2020-07-26 09:07:57 detected output handler All_in_One_SEO_Pack::output_callback_for_title
2020-07-26 09:07:57 detected output handler Smush\Core\Modules\Helpers\Parser::parse_page
2020-07-26 09:37:22 another plugin interfering?
2020-07-26 09:37:22 detected output handler default output handler
2020-07-26 09:37:22 detected output handler All_in_One_SEO_Pack::output_callback_for_title
2020-07-26 09:37:22 detected output handler Smush\Core\Modules\Helpers\Parser::parse_page
2020-07-26 09:42:04 another plugin interfering?
2020-07-26 09:42:04 detected output handler default output handler
2020-07-26 09:42:04 detected output handler wp_cache_ob_callback
2020-07-26 09:42:04 detected output handler All_in_One_SEO_Pack::output_callback_for_title
2020-07-26 09:42:04 detected output handler Smush\Core\Modules\Helpers\Parser::parse_page
2020-07-26 09:52:58 another plugin interfering?
2020-07-26 09:52:58 detected output handler default output handler
2020-07-26 09:52:58 detected output handler All_in_One_SEO_Pack::output_callback_for_title
2020-07-26 09:52:58 detected output handler Smush\Core\Modules\Helpers\Parser::parse_page
2020-07-26 10:07:09 another plugin interfering?
2020-07-26 10:07:09 detected output handler default output handler
2020-07-26 10:07:09 detected output handler All_in_One_SEO_Pack::output_callback_for_title
2020-07-26 10:07:09 detected output handler Smush\Core\Modules\Helpers\Parser::parse_page
2020-07-26 10:07:46 another plugin interfering?
2020-07-26 10:07:46 detected output handler default output handler
2020-07-26 10:07:46 detected output handler All_in_One_SEO_Pack::output_callback_for_title
2020-07-26 10:07:46 detected output handler Smush\Core\Modules\Helpers\Parser::parse_page
2020-07-26 10:14:18 another plugin interfering?
2020-07-26 10:14:18 detected output handler default output handler
2020-07-26 10:14:18 detected output handler wp_cache_ob_callback
2020-07-26 10:14:18 detected output handler All_in_One_SEO_Pack::output_callback_for_title
2020-07-26 10:14:18 detected output handler Smush\Core\Modules\Helpers\Parser::parse_page
2020-07-26 10:14:25 another plugin interfering?
2020-07-26 10:14:25 detected output handler default output handler
2020-07-26 10:14:25 detected output handler wp_cache_ob_callback
2020-07-26 10:14:25 detected output handler All_in_One_SEO_Pack::output_callback_for_title
2020-07-26 10:14:25 detected output handler Smush\Core\Modules\Helpers\Parser::parse_page
2020-07-26 10:14:43 another plugin interfering?
2020-07-26 10:14:43 detected output handler default output handler
2020-07-26 10:14:43 detected output handler wp_cache_ob_callback
2020-07-26 10:14:43 detected output handler All_in_One_SEO_Pack::output_callback_for_title
2020-07-26 10:14:43 detected output handler Smush\Core\Modules\Helpers\Parser::parse_page
2020-07-26 10:15:03 another plugin interfering?
2020-07-26 10:15:03 detected output handler default output handler
2020-07-26 10:15:03 detected output handler wp_cache_ob_callback
2020-07-26 10:15:03 detected output handler All_in_One_SEO_Pack::output_callback_for_title
2020-07-26 10:15:03 detected output handler Smush\Core\Modules\Helpers\Parser::parse_page
2020-07-26 10:15:18 another plugin interfering?
2020-07-26 10:15:18 detected output handler default output handler
2020-07-26 10:15:18 detected output handler wp_cache_ob_callback
2020-07-26 10:15:18 detected output handler All_in_One_SEO_Pack::output_callback_for_title
2020-07-26 10:15:18 detected output handler Smush\Core\Modules\Helpers\Parser::parse_page
2020-07-26 10:15:42 another plugin interfering?
2020-07-26 10:15:42 detected output handler default output handler
2020-07-26 10:15:42 detected output handler wp_cache_ob_callback
2020-07-26 10:15:42 detected output handler All_in_One_SEO_Pack::output_callback_for_title
2020-07-26 10:15:42 detected output handler Smush\Core\Modules\Helpers\Parser::parse_page
2020-07-26 10:24:59 another plugin interfering?
2020-07-26 10:24:59 detected output handler default output handler
2020-07-26 10:24:59 detected output handler wp_cache_ob_callback
2020-07-26 10:24:59 detected output handler All_in_One_SEO_Pack::output_callback_for_title
2020-07-26 10:24:59 detected output handler Smush\Core\Modules\Helpers\Parser::parse_page
2020-07-26 10:29:33 another plugin interfering?
2020-07-26 10:29:33 detected output handler default output handler
2020-07-26 10:29:33 detected output handler All_in_One_SEO_Pack::output_callback_for_title
2020-07-26 10:29:33 detected output handler Smush\Core\Modules\Helpers\Parser::parse_page
2020-07-26 11:13:25 another plugin interfering?
2020-07-26 11:13:25 detected output handler default output handler
2020-07-26 11:13:25 detected output handler All_in_One_SEO_Pack::output_callback_for_title
2020-07-26 11:13:25 detected output handler Smush\Core\Modules\Helpers\Parser::parse_page
2020-07-26 11:39:26 another plugin interfering?
2020-07-26 11:39:26 detected output handler default output handler
2020-07-26 11:39:26 detected output handler All_in_One_SEO_Pack::output_callback_for_title
2020-07-26 11:39:26 detected output handler Smush\Core\Modules\Helpers\Parser::parse_page
2020-07-26 11:44:33 another plugin interfering?
2020-07-26 11:44:33 detected output handler default output handler
2020-07-26 11:44:33 detected output handler wp_cache_ob_callback
2020-07-26 11:44:33 detected output handler All_in_One_SEO_Pack::output_callback_for_title
2020-07-26 11:44:33 detected output handler Smush\Core\Modules\Helpers\Parser::parse_page
2020-07-26 12:24:33 another plugin interfering?
2020-07-26 12:24:33 detected output handler default output handler
2020-07-26 12:24:33 detected output handler All_in_One_SEO_Pack::output_callback_for_title
2020-07-26 12:24:33 detected output handler Smush\Core\Modules\Helpers\Parser::parse_page
2020-07-26 12:25:55 another plugin interfering?
2020-07-26 12:25:55 detected output handler default output handler
2020-07-26 12:25:55 detected output handler All_in_One_SEO_Pack::output_callback_for_title
2020-07-26 12:25:55 detected output handler Smush\Core\Modules\Helpers\Parser::parse_page
2020-07-26 12:45:17 another plugin interfering?
2020-07-26 12:45:17 detected output handler default output handler
2020-07-26 12:45:17 detected output handler wp_cache_ob_callback
2020-07-26 12:45:17 detected output handler All_in_One_SEO_Pack::output_callback_for_title
2020-07-26 12:45:17 detected output handler Smush\Core\Modules\Helpers\Parser::parse_page
2020-07-26 12:48:07 another plugin interfering?
2020-07-26 12:48:07 detected output handler default output handler
2020-07-26 12:48:07 detected output handler wp_cache_ob_callback
2020-07-26 12:48:07 detected output handler All_in_One_SEO_Pack::output_callback_for_title
2020-07-26 12:48:07 detected output handler Smush\Core\Modules\Helpers\Parser::parse_page
2020-07-26 12:48:19 another plugin interfering?
2020-07-26 12:48:19 detected output handler default output handler
2020-07-26 12:48:19 detected output handler wp_cache_ob_callback
2020-07-26 12:48:19 detected output handler All_in_One_SEO_Pack::output_callback_for_title
2020-07-26 12:48:19 detected output handler Smush\Core\Modules\Helpers\Parser::parse_page
2020-07-26 12:48:55 another plugin interfering?
2020-07-26 12:48:55 detected output handler default output handler
2020-07-26 12:48:55 detected output handler wp_cache_ob_callback
2020-07-26 12:48:55 detected output handler All_in_One_SEO_Pack::output_callback_for_title
2020-07-26 12:48:55 detected output handler Smush\Core\Modules\Helpers\Parser::parse_page
2020-07-26 13:22:00 another plugin interfering?
2020-07-26 13:22:00 detected output handler default output handler
2020-07-26 13:22:00 detected output handler All_in_One_SEO_Pack::output_callback_for_title
2020-07-26 13:22:00 detected output handler Smush\Core\Modules\Helpers\Parser::parse_page
2020-07-26 13:33:54 another plugin interfering?
2020-07-26 13:33:54 detected output handler default output handler
2020-07-26 13:33:54 detected output handler All_in_One_SEO_Pack::output_callback_for_title
2020-07-26 13:33:54 detected output handler Smush\Core\Modules\Helpers\Parser::parse_page
2020-07-26 13:43:48 another plugin interfering?
2020-07-26 13:43:48 detected output handler default output handler
2020-07-26 13:43:48 detected output handler All_in_One_SEO_Pack::output_callback_for_title
2020-07-26 13:43:48 detected output handler Smush\Core\Modules\Helpers\Parser::parse_page
2020-07-26 13:50:12 another plugin interfering?
2020-07-26 13:50:12 detected output handler default output handler
2020-07-26 13:50:12 detected output handler wp_cache_ob_callback
2020-07-26 13:50:12 detected output handler All_in_One_SEO_Pack::output_callback_for_title
2020-07-26 13:50:12 detected output handler Smush\Core\Modules\Helpers\Parser::parse_page
2020-07-26 14:09:58 another plugin interfering?
2020-07-26 14:09:58 detected output handler default output handler
2020-07-26 14:09:58 detected output handler All_in_One_SEO_Pack::output_callback_for_title
2020-07-26 14:09:58 detected output handler Smush\Core\Modules\Helpers\Parser::parse_page
2020-07-26 14:17:14 another plugin interfering?
2020-07-26 14:17:14 detected output handler default output handler
2020-07-26 14:17:14 detected output handler wp_cache_ob_callback
2020-07-26 14:17:14 detected output handler All_in_One_SEO_Pack::output_callback_for_title
2020-07-26 14:17:14 detected output handler Smush\Core\Modules\Helpers\Parser::parse_page
2020-07-26 14:17:15 another plugin interfering?
2020-07-26 14:17:15 detected output handler default output handler
2020-07-26 14:17:15 detected output handler wp_cache_ob_callback
2020-07-26 14:17:15 detected output handler All_in_One_SEO_Pack::output_callback_for_title
2020-07-26 14:17:15 detected output handler Smush\Core\Modules\Helpers\Parser::parse_page
2020-07-26 14:17:22 another plugin interfering?
2020-07-26 14:17:22 detected output handler default output handler
2020-07-26 14:17:22 detected output handler wp_cache_ob_callback
2020-07-26 14:17:22 detected output handler All_in_One_SEO_Pack::output_callback_for_title
2020-07-26 14:17:22 detected output handler Smush\Core\Modules\Helpers\Parser::parse_page
2020-07-26 14:17:22 another plugin interfering?
2020-07-26 14:17:22 detected output handler default output handler
2020-07-26 14:17:22 detected output handler wp_cache_ob_callback
2020-07-26 14:17:22 detected output handler All_in_One_SEO_Pack::output_callback_for_title
2020-07-26 14:17:22 detected output handler Smush\Core\Modules\Helpers\Parser::parse_page
2020-07-26 14:17:23 another plugin interfering?
2020-07-26 14:17:23 detected output handler default output handler
2020-07-26 14:17:23 detected output handler wp_cache_ob_callback
2020-07-26 14:17:23 detected output handler All_in_One_SEO_Pack::output_callback_for_title
2020-07-26 14:17:23 detected output handler Smush\Core\Modules\Helpers\Parser::parse_page
2020-07-26 14:22:10 another plugin interfering?
2020-07-26 14:22:10 detected output handler default output handler
2020-07-26 14:22:10 detected output handler wp_cache_ob_callback
2020-07-26 14:22:10 detected output handler All_in_One_SEO_Pack::output_callback_for_title
2020-07-26 14:22:10 detected output handler Smush\Core\Modules\Helpers\Parser::parse_page
2020-07-26 14:48:08 another plugin interfering?
2020-07-26 14:48:08 detected output handler default output handler
2020-07-26 14:48:08 detected output handler wp_cache_ob_callback
2020-07-26 14:48:08 detected output handler All_in_One_SEO_Pack::output_callback_for_title
2020-07-26 14:48:08 detected output handler Smush\Core\Modules\Helpers\Parser::parse_page
2020-07-26 14:48:09 another plugin interfering?
2020-07-26 14:48:09 detected output handler default output handler
2020-07-26 14:48:09 detected output handler wp_cache_ob_callback
2020-07-26 14:48:09 detected output handler All_in_One_SEO_Pack::output_callback_for_title
2020-07-26 14:48:09 detected output handler Smush\Core\Modules\Helpers\Parser::parse_page
2020-07-26 14:48:24 another plugin interfering?
2020-07-26 14:48:24 detected output handler default output handler
2020-07-26 14:48:24 detected output handler wp_cache_ob_callback
2020-07-26 14:48:24 detected output handler All_in_One_SEO_Pack::output_callback_for_title
2020-07-26 14:48:24 detected output handler Smush\Core\Modules\Helpers\Parser::parse_page
2020-07-26 14:48:27 another plugin interfering?
2020-07-26 14:48:27 detected output handler default output handler
2020-07-26 14:48:27 detected output handler wp_cache_ob_callback
2020-07-26 14:48:27 detected output handler All_in_One_SEO_Pack::output_callback_for_title
2020-07-26 14:48:27 detected output handler Smush\Core\Modules\Helpers\Parser::parse_page
2020-07-26 14:50:58 another plugin interfering?
2020-07-26 14:50:58 detected output handler default output handler
2020-07-26 14:50:58 detected output handler wp_cache_ob_callback
2020-07-26 14:50:58 detected output handler All_in_One_SEO_Pack::output_callback_for_title
2020-07-26 14:50:58 detected output handler Smush\Core\Modules\Helpers\Parser::parse_page
2020-07-26 14:50:59 another plugin interfering?
2020-07-26 14:50:59 detected output handler default output handler
2020-07-26 14:50:59 detected output handler wp_cache_ob_callback
2020-07-26 14:50:59 detected output handler All_in_One_SEO_Pack::output_callback_for_title
2020-07-26 14:50:59 detected output handler Smush\Core\Modules\Helpers\Parser::parse_page
2020-07-26 14:52:19 another plugin interfering?
2020-07-26 14:52:19 detected output handler default output handler
2020-07-26 14:52:19 detected output handler wp_cache_ob_callback
2020-07-26 14:52:19 detected output handler All_in_One_SEO_Pack::output_callback_for_title
2020-07-26 14:52:19 detected output handler Smush\Core\Modules\Helpers\Parser::parse_page
2020-07-26 14:52:19 another plugin interfering?
2020-07-26 14:52:19 detected output handler default output handler
2020-07-26 14:52:19 detected output handler wp_cache_ob_callback
2020-07-26 14:52:19 detected output handler All_in_One_SEO_Pack::output_callback_for_title
2020-07-26 14:52:19 detected output handler Smush\Core\Modules\Helpers\Parser::parse_page
2020-07-26 14:52:25 another plugin interfering?
2020-07-26 14:52:25 detected output handler default output handler
2020-07-26 14:52:25 detected output handler wp_cache_ob_callback
2020-07-26 14:52:25 detected output handler All_in_One_SEO_Pack::output_callback_for_title
2020-07-26 14:52:25 detected output handler Smush\Core\Modules\Helpers\Parser::parse_page
2020-07-26 15:02:53 another plugin interfering?
2020-07-26 15:02:53 detected output handler default output handler
2020-07-26 15:02:53 detected output handler wp_cache_ob_callback
2020-07-26 15:02:53 detected output handler AMP_Theme_Support::finish_output_buffering
2020-07-26 15:02:53 detected output handler AMP_Validation_Manager::wrap_buffer_with_source_comments
2020-07-26 15:02:53 detected output handler AMP_Validation_Manager::wrap_buffer_with_source_comments
2020-07-26 19:05:44 another plugin interfering?
2020-07-26 19:05:44 detected output handler default output handler
2020-07-26 19:05:44 detected output handler default output handler
2020-07-26 19:09:21 another plugin interfering?
2020-07-26 19:09:21 detected output handler default output handler
2020-07-26 19:09:21 detected output handler default output handler
2020-07-26 19:11:02 another plugin interfering?
2020-07-26 19:11:02 detected output handler default output handler
2020-07-26 19:11:02 detected output handler default output handler
2020-07-26 19:11:06 another plugin interfering?
2020-07-26 19:11:06 detected output handler default output handler
2020-07-26 19:11:06 detected output handler default output handler
2020-07-26 19:11:10 another plugin interfering?
2020-07-26 19:11:10 detected output handler default output handler
2020-07-26 19:11:10 detected output handler default output handler
2020-07-26 19:11:14 another plugin interfering?
2020-07-26 19:11:14 detected output handler default output handler
2020-07-26 19:11:14 detected output handler default output handler
2020-07-26 19:11:17 another plugin interfering?
2020-07-26 19:11:17 detected output handler default output handler
2020-07-26 19:11:17 detected output handler default output handler
2020-07-26 19:12:03 another plugin interfering?
2020-07-26 19:12:03 detected output handler default output handler
2020-07-26 19:12:03 detected output handler default output handler
2020-07-26 19:15:45 another plugin interfering?
2020-07-26 19:15:45 detected output handler default output handler
2020-07-26 19:15:45 detected output handler default output handler
2020-07-26 19:15:51 another plugin interfering?
2020-07-26 19:15:51 detected output handler default output handler
2020-07-26 19:15:51 detected output handler default output handler
2020-07-26 19:15:56 another plugin interfering?
2020-07-26 19:15:56 detected output handler default output handler
2020-07-26 19:15:56 detected output handler default output handler
2020-07-26 19:15:58 another plugin interfering?
2020-07-26 19:15:58 detected output handler default output handler
2020-07-26 19:15:58 detected output handler default output handler
2020-07-26 19:17:06 another plugin interfering?
2020-07-26 19:17:06 detected output handler default output handler
2020-07-26 19:17:06 detected output handler default output handler
2020-07-26 19:17:09 another plugin interfering?
2020-07-26 19:17:09 detected output handler default output handler
2020-07-26 19:17:09 detected output handler default output handler
2020-07-26 19:17:32 another plugin interfering?
2020-07-26 19:17:32 detected output handler default output handler
2020-07-26 19:17:32 detected output handler default output handler
2020-07-26 19:17:34 another plugin interfering?
2020-07-26 19:17:34 detected output handler default output handler
2020-07-26 19:17:34 detected output handler default output handler
2020-07-26 19:17:37 another plugin interfering?
2020-07-26 19:17:37 detected output handler default output handler
2020-07-26 19:17:37 detected output handler default output handler
2020-07-26 19:17:39 another plugin interfering?
2020-07-26 19:17:39 detected output handler default output handler
2020-07-26 19:17:39 detected output handler default output handler
2020-07-26 19:41:56 paged_title() [Veikals | zupu] [ - Part 2]
2020-07-26 20:10:32 another plugin interfering?
2020-07-26 20:10:32 detected output handler default output handler
2020-07-26 20:10:32 detected output handler default output handler
2020-07-26 20:59:14 another plugin interfering?
2020-07-26 20:59:14 detected output handler default output handler
2020-07-26 20:59:14 detected output handler All_in_One_SEO_Pack::output_callback_for_title
2020-07-26 20:59:14 detected output handler default output handler
2020-07-26 21:03:01 another plugin interfering?
2020-07-26 21:03:01 detected output handler default output handler
2020-07-26 21:03:01 detected output handler All_in_One_SEO_Pack::output_callback_for_title
2020-07-26 21:03:01 detected output handler default output handler
2020-07-26 21:03:05 another plugin interfering?
2020-07-26 21:03:05 detected output handler default output handler
2020-07-26 21:03:05 detected output handler All_in_One_SEO_Pack::output_callback_for_title
2020-07-26 21:03:05 detected output handler default output handler
2020-07-26 21:04:07 another plugin interfering?
2020-07-26 21:04:07 detected output handler default output handler
2020-07-26 21:04:07 detected output handler All_in_One_SEO_Pack::output_callback_for_title
2020-07-26 21:04:07 detected output handler default output handler
2020-07-27 19:33:43 another plugin interfering?
2020-07-27 19:33:43 detected output handler default output handler
2020-07-27 19:33:43 detected output handler default output handler
2020-07-27 19:33:59 another plugin interfering?
2020-07-27 19:33:59 detected output handler default output handler
2020-07-27 19:33:59 detected output handler default output handler
